This is pdfTeX, Version 3.14159265-2.6-1.40.19 (TeX Live 2018) (preloaded format=pdflatex 2018.4.16)  10 OCT 2019 11:48
entering extended mode
 restricted \write18 enabled.
 file:line:error style messages enabled.
 %&-line parsing enabled.
**"Problem Set 4.tex"

(/Users/cortbreuer/Desktop/Storage/Cornell/Sophomore Fall 2019/ENGRD 2700/ENGRD
 2700 Work/Problem Sets/Problem Set 4/Problem Set 4.tex
LaTeX2e <2018-04-01> patch level 2
Babel <3.18> and hyphenation patterns for 84 language(s) loaded.
(/usr/local/texlive/2018/texmf-dist/tex/latex/base/article.cls
Document Class: article 2014/09/29 v1.4h Standard LaTeX document class
(/usr/local/texlive/2018/texmf-dist/tex/latex/base/size10.clo
File: size10.clo 2014/09/29 v1.4h Standard LaTeX file (size option)
)
\c@part=\count80
\c@section=\count81
\c@subsection=\count82
\c@subsubsection=\count83
\c@paragraph=\count84
\c@subparagraph=\count85
\c@figure=\count86
\c@table=\count87
\abovecaptionskip=\skip41
\belowcaptionskip=\skip42
\bibindent=\dimen102
) (/usr/local/texlive/2018/texmf-dist/tex/latex/datetime/datetime.sty
Package: datetime 2015/03/20 v2.60 Date Time Package
(/usr/local/texlive/2018/texmf-dist/tex/latex/etoolbox/etoolbox.sty
Package: etoolbox 2018/02/11 v2.5e e-TeX tools for LaTeX (JAW)
\etb@tempcnta=\count88
) (/usr/local/texlive/2018/texmf-dist/tex/latex/fmtcount/fmtcount.sty
Package: fmtcount 2017/12/24 v3.05
(/usr/local/texlive/2018/texmf-dist/tex/latex/base/ifthen.sty
Package: ifthen 2014/09/29 v1.1c Standard LaTeX ifthen package (DPC)
) (/usr/local/texlive/2018/texmf-dist/tex/latex/xkeyval/xkeyval.sty
Package: xkeyval 2014/12/03 v2.7a package option processing (HA)
(/usr/local/texlive/2018/texmf-dist/tex/generic/xkeyval/xkeyval.tex (/usr/local
/texlive/2018/texmf-dist/tex/generic/xkeyval/xkvutils.tex
\XKV@toks=\toks14
\XKV@tempa@toks=\toks15
(/usr/local/texlive/2018/texmf-dist/tex/generic/xkeyval/keyval.tex))
\XKV@depth=\count89
File: xkeyval.tex 2014/12/03 v2.7a key=value parser (HA)
)) (/usr/local/texlive/2018/texmf-dist/tex/latex/fmtcount/fcprefix.sty
Package: fcprefix 2012/09/28
(/usr/local/texlive/2018/texmf-dist/tex/latex/fmtcount/fcnumparser.sty
Package: fcnumparser 2017/06/15
\fc@digit@counter=\count90
)) (/usr/local/texlive/2018/texmf-dist/tex/latex/amsmath/amsgen.sty
File: amsgen.sty 1999/11/30 v2.0 generic functions
\@emptytoks=\toks16
\ex@=\dimen103
)
\c@padzeroesN=\count91
\fc@tmpcatcode=\count92
\@DT@modctr=\count93
\@ordinalctr=\count94
\@orgargctr=\count95
\@strctr=\count96
\@tmpstrctr=\count97
\@DT@loopN=\count98
\@DT@X=\count99
) (/usr/local/texlive/2018/texmf-dist/tex/latex/datetime/datetime-defaults.sty
Package: datetime-defaults 2013/09/10
)
\@day=\count100
\@month=\count101
\@year=\count102
\c@HOUR=\count103
\c@HOURXII=\count104
\c@MINUTE=\count105
\c@TOHOUR=\count106
\c@TOMINUTE=\count107
\c@SECOND=\count108
\currenthour=\count109
\currentminute=\count110
\currentsecond=\count111
Package datetime Info: No datetime.cfg file found, using default settings on in
put line 308.
\@dtctr=\count112
\dayofyear=\count113
\dayofweek=\count114
LaTeX Info: Redefining \today on input line 736.
\dt@a=\toks17
\dt@b=\toks18
) (/usr/local/texlive/2018/texmf-dist/tex/latex/geometry/geometry.sty
Package: geometry 2018/03/24 v5.7 Page Geometry
(/usr/local/texlive/2018/texmf-dist/tex/generic/oberdiek/ifpdf.sty
Package: ifpdf 2017/03/15 v3.2 Provides the ifpdf switch
) (/usr/local/texlive/2018/texmf-dist/tex/generic/oberdiek/ifvtex.sty
Package: ifvtex 2016/05/16 v1.6 Detect VTeX and its facilities (HO)
Package ifvtex Info: VTeX not detected.
) (/usr/local/texlive/2018/texmf-dist/tex/generic/ifxetex/ifxetex.sty
Package: ifxetex 2010/09/12 v0.6 Provides ifxetex conditional
)
\Gm@cnth=\count115
\Gm@cntv=\count116
\c@Gm@tempcnt=\count117
\Gm@bindingoffset=\dimen104
\Gm@wd@mp=\dimen105
\Gm@odd@mp=\dimen106
\Gm@even@mp=\dimen107
\Gm@layoutwidth=\dimen108
\Gm@layoutheight=\dimen109
\Gm@layouthoffset=\dimen110
\Gm@layoutvoffset=\dimen111
\Gm@dimlist=\toks19
) (/usr/local/texlive/2018/texmf-dist/tex/latex/fancyhdr/fancyhdr.sty
Package: fancyhdr 2017/06/30 v3.9a Extensive control of page headers and footer
s
\f@nch@headwidth=\skip43
\f@nch@O@elh=\skip44
\f@nch@O@erh=\skip45
\f@nch@O@olh=\skip46
\f@nch@O@orh=\skip47
\f@nch@O@elf=\skip48
\f@nch@O@erf=\skip49
\f@nch@O@olf=\skip50
\f@nch@O@orf=\skip51
) (/usr/local/texlive/2018/texmf-dist/tex/latex/amsmath/amsmath.sty
Package: amsmath 2017/09/02 v2.17a AMS math features
\@mathmargin=\skip52
For additional information on amsmath, use the `?' option.
(/usr/local/texlive/2018/texmf-dist/tex/latex/amsmath/amstext.sty
Package: amstext 2000/06/29 v2.01 AMS text
) (/usr/local/texlive/2018/texmf-dist/tex/latex/amsmath/amsbsy.sty
Package: amsbsy 1999/11/29 v1.2d Bold Symbols
\pmbraise@=\dimen112
) (/usr/local/texlive/2018/texmf-dist/tex/latex/amsmath/amsopn.sty
Package: amsopn 2016/03/08 v2.02 operator names
)
\inf@bad=\count118
LaTeX Info: Redefining \frac on input line 213.
\uproot@=\count119
\leftroot@=\count120
LaTeX Info: Redefining \overline on input line 375.
\classnum@=\count121
\DOTSCASE@=\count122
LaTeX Info: Redefining \ldots on input line 472.
LaTeX Info: Redefining \dots on input line 475.
LaTeX Info: Redefining \cdots on input line 596.
\Mathstrutbox@=\box26
\strutbox@=\box27
\big@size=\dimen113
LaTeX Font Info:    Redeclaring font encoding OML on input line 712.
LaTeX Font Info:    Redeclaring font encoding OMS on input line 713.
\macc@depth=\count123
\c@MaxMatrixCols=\count124
\dotsspace@=\muskip10
\c@parentequation=\count125
\dspbrk@lvl=\count126
\tag@help=\toks20
\row@=\count127
\column@=\count128
\maxfields@=\count129
\andhelp@=\toks21
\eqnshift@=\dimen114
\alignsep@=\dimen115
\tagshift@=\dimen116
\tagwidth@=\dimen117
\totwidth@=\dimen118
\lineht@=\dimen119
\@envbody=\toks22
\multlinegap=\skip53
\multlinetaggap=\skip54
\mathdisplay@stack=\toks23
LaTeX Info: Redefining \[ on input line 2817.
LaTeX Info: Redefining \] on input line 2818.
) (/usr/local/texlive/2018/texmf-dist/tex/latex/amsfonts/amssymb.sty
Package: amssymb 2013/01/14 v3.01 AMS font symbols
(/usr/local/texlive/2018/texmf-dist/tex/latex/amsfonts/amsfonts.sty
Package: amsfonts 2013/01/14 v3.01 Basic AMSFonts support
\symAMSa=\mathgroup4
\symAMSb=\mathgroup5
LaTeX Font Info:    Overwriting math alphabet `\mathfrak' in version `bold'
(Font)                  U/euf/m/n --> U/euf/b/n on input line 106.
))
(/Users/cortbreuer/Desktop/Storage/Cornell/Sophomore Fall 2019/ENGRD 2700/ENGRD
 2700 Work/Problem Sets/Problem Set 4/Problem Set 4.aux)
\openout1 = `"Problem Set 4.aux"'.

LaTeX Font Info:    Checking defaults for OML/cmm/m/it on input line 16.
LaTeX Font Info:    ... okay on input line 16.
LaTeX Font Info:    Checking defaults for T1/cmr/m/n on input line 16.
LaTeX Font Info:    ... okay on input line 16.
LaTeX Font Info:    Checking defaults for OT1/cmr/m/n on input line 16.
LaTeX Font Info:    ... okay on input line 16.
LaTeX Font Info:    Checking defaults for OMS/cmsy/m/n on input line 16.
LaTeX Font Info:    ... okay on input line 16.
LaTeX Font Info:    Checking defaults for OMX/cmex/m/n on input line 16.
LaTeX Font Info:    ... okay on input line 16.
LaTeX Font Info:    Checking defaults for U/cmr/m/n on input line 16.
LaTeX Font Info:    ... okay on input line 16.
(/usr/local/texlive/2018/texmf-dist/tex/latex/fmtcount/fc-english.def
File: fc-english.def 2016/01/12
)
*geometry* driver: auto-detecting
*geometry* detected driver: pdftex
*geometry* verbose mode - [ preamble ] result:
* driver: pdftex
* paper: letterpaper
* layout: <same size as paper>
* layoutoffset:(h,v)=(0.0pt,0.0pt)
* modes: 
* h-part:(L,W,R)=(90.3375pt, 433.62001pt, 90.3375pt)
* v-part:(T,H,B)=(90.3375pt, 614.295pt, 90.3375pt)
* \paperwidth=614.295pt
* \paperheight=794.96999pt
* \textwidth=433.62001pt
* \textheight=614.295pt
* \oddsidemargin=18.0675pt
* \evensidemargin=18.0675pt
* \topmargin=-18.9325pt
* \headheight=12.0pt
* \headsep=25.0pt
* \topskip=10.0pt
* \footskip=30.0pt
* \marginparwidth=65.0pt
* \marginparsep=11.0pt
* \columnsep=10.0pt
* \skip\footins=9.0pt plus 4.0pt minus 2.0pt
* \hoffset=0.0pt
* \voffset=0.0pt
* \mag=1000
* \@twocolumnfalse
* \@twosidefalse
* \@mparswitchfalse
* \@reversemarginfalse
* (1in=72.27pt=25.4mm, 1cm=28.453pt)

LaTeX Font Info:    Try loading font information for U+msa on input line 26.
(/usr/local/texlive/2018/texmf-dist/tex/latex/amsfonts/umsa.fd
File: umsa.fd 2013/01/14 v3.01 AMS symbols A
)
LaTeX Font Info:    Try loading font information for U+msb on input line 26.
(/usr/local/texlive/2018/texmf-dist/tex/latex/amsfonts/umsb.fd
File: umsb.fd 2013/01/14 v3.01 AMS symbols B
) [1{/usr/local/texlive/2018/texmf-var/fonts/map/pdftex/updmap/pdftex.map}

] [2] [3] [4]
/Users/cortbreuer/Desktop/Storage/Cornell/Sophomore Fall 2019/ENGRD 2700/ENGRD 
2700 Work/Problem Sets/Problem Set 4/Problem Set 4.tex:125: Missing $ inserted.
<inserted text> 
                $
l.125 independent (P(X_
                       1 - 2X_2 \geq 10)) so X_1 -2X_2 \thicksim N(-100, 980)
I've inserted a begin-math/end-math symbol since I think
you left one out. Proceed, with fingers crossed.

/Users/cortbreuer/Desktop/Storage/Cornell/Sophomore Fall 2019/ENGRD 2700/ENGRD 
2700 Work/Problem Sets/Problem Set 4/Problem Set 4.tex:126: Missing $ inserted.
<inserted text> 
                $
l.126 
      
I've inserted a begin-math/end-math symbol since I think
you left one out. Proceed, with fingers crossed.

/Users/cortbreuer/Desktop/Storage/Cornell/Sophomore Fall 2019/ENGRD 2700/ENGRD 
2700 Work/Problem Sets/Problem Set 4/Problem Set 4.tex:127: Missing $ inserted.
<inserted text> 
                $
l.127 Y \thicksim
                  N(-100, 980)
I've inserted a begin-math/end-math symbol since I think
you left one out. Proceed, with fingers crossed.

/Users/cortbreuer/Desktop/Storage/Cornell/Sophomore Fall 2019/ENGRD 2700/ENGRD 
2700 Work/Problem Sets/Problem Set 4/Problem Set 4.tex:128: Missing $ inserted.
<inserted text> 
                $
l.128 
      
I've inserted a begin-math/end-math symbol since I think
you left one out. Proceed, with fingers crossed.

/Users/cortbreuer/Desktop/Storage/Cornell/Sophomore Fall 2019/ENGRD 2700/ENGRD 
2700 Work/Problem Sets/Problem Set 4/Problem Set 4.tex:129: Missing $ inserted.
<inserted text> 
                $
l.129 P(Y \geq
               10)^-100
I've inserted a begin-math/end-math symbol since I think
you left one out. Proceed, with fingers crossed.

/Users/cortbreuer/Desktop/Storage/Cornell/Sophomore Fall 2019/ENGRD 2700/ENGRD 
2700 Work/Problem Sets/Problem Set 4/Problem Set 4.tex:130: Missing $ inserted.
<inserted text> 
                $
l.130 
      
I've inserted a begin-math/end-math symbol since I think
you left one out. Proceed, with fingers crossed.

/Users/cortbreuer/Desktop/Storage/Cornell/Sophomore Fall 2019/ENGRD 2700/ENGRD 
2700 Work/Problem Sets/Problem Set 4/Problem Set 4.tex:131: Missing $ inserted.
<inserted text> 
                $
l.131 CDF P(Y \leq
                   1) = \Phi(\frac{X-\mu}{\sigma}) = \Phi(\frac{Y-(-100)}{\s...
I've inserted a begin-math/end-math symbol since I think
you left one out. Proceed, with fingers crossed.

/Users/cortbreuer/Desktop/Storage/Cornell/Sophomore Fall 2019/ENGRD 2700/ENGRD 
2700 Work/Problem Sets/Problem Set 4/Problem Set 4.tex:132: Missing $ inserted.
<inserted text> 
                $
l.132 
      
I've inserted a begin-math/end-math symbol since I think
you left one out. Proceed, with fingers crossed.

/Users/cortbreuer/Desktop/Storage/Cornell/Sophomore Fall 2019/ENGRD 2700/ENGRD 
2700 Work/Problem Sets/Problem Set 4/Problem Set 4.tex:134: Missing $ inserted.
<inserted text> 
                $
l.134 P(Y \geq
               10)
I've inserted a begin-math/end-math symbol since I think
you left one out. Proceed, with fingers crossed.

/Users/cortbreuer/Desktop/Storage/Cornell/Sophomore Fall 2019/ENGRD 2700/ENGRD 
2700 Work/Problem Sets/Problem Set 4/Problem Set 4.tex:135: Missing $ inserted.
<inserted text> 
                $
l.135 
      
I've inserted a begin-math/end-math symbol since I think
you left one out. Proceed, with fingers crossed.

/Users/cortbreuer/Desktop/Storage/Cornell/Sophomore Fall 2019/ENGRD 2700/ENGRD 
2700 Work/Problem Sets/Problem Set 4/Problem Set 4.tex:136: Missing $ inserted.
<inserted text> 
                $
l.136 P(\frac{Y-(-100)}{\sqrt{980}}
                                    \geq )
I've inserted a begin-math/end-math symbol since I think
you left one out. Proceed, with fingers crossed.

/Users/cortbreuer/Desktop/Storage/Cornell/Sophomore Fall 2019/ENGRD 2700/ENGRD 
2700 Work/Problem Sets/Problem Set 4/Problem Set 4.tex:136: Extra }, or forgott
en $.
\frac  #1#2->{\begingroup #1\endgroup \@@over #2}
                                                 
l.136 P(\frac{Y-(-100)}{\sqrt{980}}
                                    \geq )
I've deleted a group-closing symbol because it seems to be
spurious, as in `$x}$'. But perhaps the } is legitimate and
you forgot something else, as in `\hbox{$x}'. In such cases
the way to recover is to insert both the forgotten and the
deleted material, e.g., by typing `I$}'.

/Users/cortbreuer/Desktop/Storage/Cornell/Sophomore Fall 2019/ENGRD 2700/ENGRD 
2700 Work/Problem Sets/Problem Set 4/Problem Set 4.tex:137: Missing $ inserted.
<inserted text> 
                $
l.137 
      
I've inserted a begin-math/end-math symbol since I think
you left one out. Proceed, with fingers crossed.

[5]
/Users/cortbreuer/Desktop/Storage/Cornell/Sophomore Fall 2019/ENGRD 2700/ENGRD 
2700 Work/Problem Sets/Problem Set 4/Problem Set 4.tex:148: Missing $ inserted.
<inserted text> 
                $
l.148 with X as exp(\lambda
                           )
I've inserted a begin-math/end-math symbol since I think
you left one out. Proceed, with fingers crossed.

/Users/cortbreuer/Desktop/Storage/Cornell/Sophomore Fall 2019/ENGRD 2700/ENGRD 
2700 Work/Problem Sets/Problem Set 4/Problem Set 4.tex:149: Missing $ inserted.
<inserted text> 
                $
l.149 
      
I've inserted a begin-math/end-math symbol since I think
you left one out. Proceed, with fingers crossed.

/Users/cortbreuer/Desktop/Storage/Cornell/Sophomore Fall 2019/ENGRD 2700/ENGRD 
2700 Work/Problem Sets/Problem Set 4/Problem Set 4.tex:150: Missing $ inserted.
<inserted text> 
                $
l.150 CDF of Y, F_
                  Y(y)
I've inserted a begin-math/end-math symbol since I think
you left one out. Proceed, with fingers crossed.

/Users/cortbreuer/Desktop/Storage/Cornell/Sophomore Fall 2019/ENGRD 2700/ENGRD 
2700 Work/Problem Sets/Problem Set 4/Problem Set 4.tex:151: Missing $ inserted.
<inserted text> 
                $
l.151 
      
I've inserted a begin-math/end-math symbol since I think
you left one out. Proceed, with fingers crossed.

/Users/cortbreuer/Desktop/Storage/Cornell/Sophomore Fall 2019/ENGRD 2700/ENGRD 
2700 Work/Problem Sets/Problem Set 4/Problem Set 4.tex:154: Missing $ inserted.
<inserted text> 
                $
l.154 CDF of X = P(X \leq
                          \frac{-y}{2} + 1)
I've inserted a begin-math/end-math symbol since I think
you left one out. Proceed, with fingers crossed.

/Users/cortbreuer/Desktop/Storage/Cornell/Sophomore Fall 2019/ENGRD 2700/ENGRD 
2700 Work/Problem Sets/Problem Set 4/Problem Set 4.tex:155: Missing $ inserted.
<inserted text> 
                $
l.155 
      
I've inserted a begin-math/end-math symbol since I think
you left one out. Proceed, with fingers crossed.

/Users/cortbreuer/Desktop/Storage/Cornell/Sophomore Fall 2019/ENGRD 2700/ENGRD 
2700 Work/Problem Sets/Problem Set 4/Problem Set 4.tex:170: Missing $ inserted.
<inserted text> 
                $
l.170 _
       ______________
I've inserted a begin-math/end-math symbol since I think
you left one out. Proceed, with fingers crossed.

/Users/cortbreuer/Desktop/Storage/Cornell/Sophomore Fall 2019/ENGRD 2700/ENGRD 
2700 Work/Problem Sets/Problem Set 4/Problem Set 4.tex:170: Missing { inserted.
<to be read again> 
                   _
l.170 __
        _____________
A left brace was mandatory here, so I've put one in.
You might want to delete and/or insert some corrections
so that I will find a matching right brace soon.
(If you're confused by all this, try typing `I}' now.)

/Users/cortbreuer/Desktop/Storage/Cornell/Sophomore Fall 2019/ENGRD 2700/ENGRD 
2700 Work/Problem Sets/Problem Set 4/Problem Set 4.tex:170: Missing { inserted.
<to be read again> 
                   _
l.170 ___
         ____________
A left brace was mandatory here, so I've put one in.
You might want to delete and/or insert some corrections
so that I will find a matching right brace soon.
(If you're confused by all this, try typing `I}' now.)

/Users/cortbreuer/Desktop/Storage/Cornell/Sophomore Fall 2019/ENGRD 2700/ENGRD 
2700 Work/Problem Sets/Problem Set 4/Problem Set 4.tex:170: Missing { inserted.
<to be read again> 
                   _
l.170 ____
          ___________
A left brace was mandatory here, so I've put one in.
You might want to delete and/or insert some corrections
so that I will find a matching right brace soon.
(If you're confused by all this, try typing `I}' now.)

/Users/cortbreuer/Desktop/Storage/Cornell/Sophomore Fall 2019/ENGRD 2700/ENGRD 
2700 Work/Problem Sets/Problem Set 4/Problem Set 4.tex:170: Missing { inserted.
<to be read again> 
                   _
l.170 _____
           __________
A left brace was mandatory here, so I've put one in.
You might want to delete and/or insert some corrections
so that I will find a matching right brace soon.
(If you're confused by all this, try typing `I}' now.)

/Users/cortbreuer/Desktop/Storage/Cornell/Sophomore Fall 2019/ENGRD 2700/ENGRD 
2700 Work/Problem Sets/Problem Set 4/Problem Set 4.tex:170: Missing { inserted.
<to be read again> 
                   _
l.170 ______
            _________
A left brace was mandatory here, so I've put one in.
You might want to delete and/or insert some corrections
so that I will find a matching right brace soon.
(If you're confused by all this, try typing `I}' now.)

/Users/cortbreuer/Desktop/Storage/Cornell/Sophomore Fall 2019/ENGRD 2700/ENGRD 
2700 Work/Problem Sets/Problem Set 4/Problem Set 4.tex:170: Missing { inserted.
<to be read again> 
                   _
l.170 _______
             ________
A left brace was mandatory here, so I've put one in.
You might want to delete and/or insert some corrections
so that I will find a matching right brace soon.
(If you're confused by all this, try typing `I}' now.)

/Users/cortbreuer/Desktop/Storage/Cornell/Sophomore Fall 2019/ENGRD 2700/ENGRD 
2700 Work/Problem Sets/Problem Set 4/Problem Set 4.tex:170: Missing { inserted.
<to be read again> 
                   _
l.170 ________
              _______
A left brace was mandatory here, so I've put one in.
You might want to delete and/or insert some corrections
so that I will find a matching right brace soon.
(If you're confused by all this, try typing `I}' now.)

/Users/cortbreuer/Desktop/Storage/Cornell/Sophomore Fall 2019/ENGRD 2700/ENGRD 
2700 Work/Problem Sets/Problem Set 4/Problem Set 4.tex:170: Missing { inserted.
<to be read again> 
                   _
l.170 _________
               ______
A left brace was mandatory here, so I've put one in.
You might want to delete and/or insert some corrections
so that I will find a matching right brace soon.
(If you're confused by all this, try typing `I}' now.)

/Users/cortbreuer/Desktop/Storage/Cornell/Sophomore Fall 2019/ENGRD 2700/ENGRD 
2700 Work/Problem Sets/Problem Set 4/Problem Set 4.tex:170: Missing { inserted.
<to be read again> 
                   _
l.170 __________
                _____
A left brace was mandatory here, so I've put one in.
You might want to delete and/or insert some corrections
so that I will find a matching right brace soon.
(If you're confused by all this, try typing `I}' now.)

/Users/cortbreuer/Desktop/Storage/Cornell/Sophomore Fall 2019/ENGRD 2700/ENGRD 
2700 Work/Problem Sets/Problem Set 4/Problem Set 4.tex:170: Missing { inserted.
<to be read again> 
                   _
l.170 ___________
                 ____
A left brace was mandatory here, so I've put one in.
You might want to delete and/or insert some corrections
so that I will find a matching right brace soon.
(If you're confused by all this, try typing `I}' now.)

/Users/cortbreuer/Desktop/Storage/Cornell/Sophomore Fall 2019/ENGRD 2700/ENGRD 
2700 Work/Problem Sets/Problem Set 4/Problem Set 4.tex:170: Missing { inserted.
<to be read again> 
                   _
l.170 ____________
                  ___
A left brace was mandatory here, so I've put one in.
You might want to delete and/or insert some corrections
so that I will find a matching right brace soon.
(If you're confused by all this, try typing `I}' now.)

/Users/cortbreuer/Desktop/Storage/Cornell/Sophomore Fall 2019/ENGRD 2700/ENGRD 
2700 Work/Problem Sets/Problem Set 4/Problem Set 4.tex:170: Missing { inserted.
<to be read again> 
                   _
l.170 _____________
                   __
A left brace was mandatory here, so I've put one in.
You might want to delete and/or insert some corrections
so that I will find a matching right brace soon.
(If you're confused by all this, try typing `I}' now.)

/Users/cortbreuer/Desktop/Storage/Cornell/Sophomore Fall 2019/ENGRD 2700/ENGRD 
2700 Work/Problem Sets/Problem Set 4/Problem Set 4.tex:170: Missing { inserted.
<to be read again> 
                   _
l.170 ______________
                    _
A left brace was mandatory here, so I've put one in.
You might want to delete and/or insert some corrections
so that I will find a matching right brace soon.
(If you're confused by all this, try typing `I}' now.)

/Users/cortbreuer/Desktop/Storage/Cornell/Sophomore Fall 2019/ENGRD 2700/ENGRD 
2700 Work/Problem Sets/Problem Set 4/Problem Set 4.tex:170: Missing { inserted.
<to be read again> 
                   _
l.170 _______________
                     
A left brace was mandatory here, so I've put one in.
You might want to delete and/or insert some corrections
so that I will find a matching right brace soon.
(If you're confused by all this, try typing `I}' now.)

/Users/cortbreuer/Desktop/Storage/Cornell/Sophomore Fall 2019/ENGRD 2700/ENGRD 
2700 Work/Problem Sets/Problem Set 4/Problem Set 4.tex:171: Missing { inserted.
<to be read again> 
                   \par 
l.171 
      
A left brace was mandatory here, so I've put one in.
You might want to delete and/or insert some corrections
so that I will find a matching right brace soon.
(If you're confused by all this, try typing `I}' now.)

/Users/cortbreuer/Desktop/Storage/Cornell/Sophomore Fall 2019/ENGRD 2700/ENGRD 
2700 Work/Problem Sets/Problem Set 4/Problem Set 4.tex:171: Missing $ inserted.
<inserted text> 
                $
l.171 
      
I've inserted a begin-math/end-math symbol since I think
you left one out. Proceed, with fingers crossed.

/Users/cortbreuer/Desktop/Storage/Cornell/Sophomore Fall 2019/ENGRD 2700/ENGRD 
2700 Work/Problem Sets/Problem Set 4/Problem Set 4.tex:171: Missing } inserted.
<inserted text> 
                }
l.171 
      
I've inserted something that you may have forgotten.
(See the <inserted text> above.)
With luck, this will get me unwedged. But if you
really didn't forget anything, try typing `2' now; then
my insertion and my current dilemma will both disappear.

/Users/cortbreuer/Desktop/Storage/Cornell/Sophomore Fall 2019/ENGRD 2700/ENGRD 
2700 Work/Problem Sets/Problem Set 4/Problem Set 4.tex:171: Missing } inserted.
<inserted text> 
                }
l.171 
      
I've inserted something that you may have forgotten.
(See the <inserted text> above.)
With luck, this will get me unwedged. But if you
really didn't forget anything, try typing `2' now; then
my insertion and my current dilemma will both disappear.

/Users/cortbreuer/Desktop/Storage/Cornell/Sophomore Fall 2019/ENGRD 2700/ENGRD 
2700 Work/Problem Sets/Problem Set 4/Problem Set 4.tex:171: Missing } inserted.
<inserted text> 
                }
l.171 
      
I've inserted something that you may have forgotten.
(See the <inserted text> above.)
With luck, this will get me unwedged. But if you
really didn't forget anything, try typing `2' now; then
my insertion and my current dilemma will both disappear.

/Users/cortbreuer/Desktop/Storage/Cornell/Sophomore Fall 2019/ENGRD 2700/ENGRD 
2700 Work/Problem Sets/Problem Set 4/Problem Set 4.tex:171: Missing } inserted.
<inserted text> 
                }
l.171 
      
I've inserted something that you may have forgotten.
(See the <inserted text> above.)
With luck, this will get me unwedged. But if you
really didn't forget anything, try typing `2' now; then
my insertion and my current dilemma will both disappear.

/Users/cortbreuer/Desktop/Storage/Cornell/Sophomore Fall 2019/ENGRD 2700/ENGRD 
2700 Work/Problem Sets/Problem Set 4/Problem Set 4.tex:171: Missing } inserted.
<inserted text> 
                }
l.171 
      
I've inserted something that you may have forgotten.
(See the <inserted text> above.)
With luck, this will get me unwedged. But if you
really didn't forget anything, try typing `2' now; then
my insertion and my current dilemma will both disappear.

/Users/cortbreuer/Desktop/Storage/Cornell/Sophomore Fall 2019/ENGRD 2700/ENGRD 
2700 Work/Problem Sets/Problem Set 4/Problem Set 4.tex:171: Missing } inserted.
<inserted text> 
                }
l.171 
      
I've inserted something that you may have forgotten.
(See the <inserted text> above.)
With luck, this will get me unwedged. But if you
really didn't forget anything, try typing `2' now; then
my insertion and my current dilemma will both disappear.

/Users/cortbreuer/Desktop/Storage/Cornell/Sophomore Fall 2019/ENGRD 2700/ENGRD 
2700 Work/Problem Sets/Problem Set 4/Problem Set 4.tex:171: Missing } inserted.
<inserted text> 
                }
l.171 
      
I've inserted something that you may have forgotten.
(See the <inserted text> above.)
With luck, this will get me unwedged. But if you
really didn't forget anything, try typing `2' now; then
my insertion and my current dilemma will both disappear.

/Users/cortbreuer/Desktop/Storage/Cornell/Sophomore Fall 2019/ENGRD 2700/ENGRD 
2700 Work/Problem Sets/Problem Set 4/Problem Set 4.tex:171: Missing } inserted.
<inserted text> 
                }
l.171 
      
I've inserted something that you may have forgotten.
(See the <inserted text> above.)
With luck, this will get me unwedged. But if you
really didn't forget anything, try typing `2' now; then
my insertion and my current dilemma will both disappear.

/Users/cortbreuer/Desktop/Storage/Cornell/Sophomore Fall 2019/ENGRD 2700/ENGRD 
2700 Work/Problem Sets/Problem Set 4/Problem Set 4.tex:171: Missing } inserted.
<inserted text> 
                }
l.171 
      
I've inserted something that you may have forgotten.
(See the <inserted text> above.)
With luck, this will get me unwedged. But if you
really didn't forget anything, try typing `2' now; then
my insertion and my current dilemma will both disappear.

/Users/cortbreuer/Desktop/Storage/Cornell/Sophomore Fall 2019/ENGRD 2700/ENGRD 
2700 Work/Problem Sets/Problem Set 4/Problem Set 4.tex:171: Missing } inserted.
<inserted text> 
                }
l.171 
      
I've inserted something that you may have forgotten.
(See the <inserted text> above.)
With luck, this will get me unwedged. But if you
really didn't forget anything, try typing `2' now; then
my insertion and my current dilemma will both disappear.

/Users/cortbreuer/Desktop/Storage/Cornell/Sophomore Fall 2019/ENGRD 2700/ENGRD 
2700 Work/Problem Sets/Problem Set 4/Problem Set 4.tex:171: Missing } inserted.
<inserted text> 
                }
l.171 
      
I've inserted something that you may have forgotten.
(See the <inserted text> above.)
With luck, this will get me unwedged. But if you
really didn't forget anything, try typing `2' now; then
my insertion and my current dilemma will both disappear.

/Users/cortbreuer/Desktop/Storage/Cornell/Sophomore Fall 2019/ENGRD 2700/ENGRD 
2700 Work/Problem Sets/Problem Set 4/Problem Set 4.tex:171: Missing } inserted.
<inserted text> 
                }
l.171 
      
I've inserted something that you may have forgotten.
(See the <inserted text> above.)
With luck, this will get me unwedged. But if you
really didn't forget anything, try typing `2' now; then
my insertion and my current dilemma will both disappear.

/Users/cortbreuer/Desktop/Storage/Cornell/Sophomore Fall 2019/ENGRD 2700/ENGRD 
2700 Work/Problem Sets/Problem Set 4/Problem Set 4.tex:171: Missing } inserted.
<inserted text> 
                }
l.171 
      
I've inserted something that you may have forgotten.
(See the <inserted text> above.)
With luck, this will get me unwedged. But if you
really didn't forget anything, try typing `2' now; then
my insertion and my current dilemma will both disappear.

/Users/cortbreuer/Desktop/Storage/Cornell/Sophomore Fall 2019/ENGRD 2700/ENGRD 
2700 Work/Problem Sets/Problem Set 4/Problem Set 4.tex:171: Missing } inserted.
<inserted text> 
                }
l.171 
      
I've inserted something that you may have forgotten.
(See the <inserted text> above.)
With luck, this will get me unwedged. But if you
really didn't forget anything, try typing `2' now; then
my insertion and my current dilemma will both disappear.

/Users/cortbreuer/Desktop/Storage/Cornell/Sophomore Fall 2019/ENGRD 2700/ENGRD 
2700 Work/Problem Sets/Problem Set 4/Problem Set 4.tex:171: Missing } inserted.
<inserted text> 
                }
l.171 
      
I've inserted something that you may have forgotten.
(See the <inserted text> above.)
With luck, this will get me unwedged. But if you
really didn't forget anything, try typing `2' now; then
my insertion and my current dilemma will both disappear.

/Users/cortbreuer/Desktop/Storage/Cornell/Sophomore Fall 2019/ENGRD 2700/ENGRD 
2700 Work/Problem Sets/Problem Set 4/Problem Set 4.tex:174: Missing $ inserted.
<inserted text> 
                $
l.174 E(X_
          1 + X_2) = E(X_1) + E(X_2)
I've inserted a begin-math/end-math symbol since I think
you left one out. Proceed, with fingers crossed.

/Users/cortbreuer/Desktop/Storage/Cornell/Sophomore Fall 2019/ENGRD 2700/ENGRD 
2700 Work/Problem Sets/Problem Set 4/Problem Set 4.tex:175: Missing $ inserted.
<inserted text> 
                $
l.175 
      
I've inserted a begin-math/end-math symbol since I think
you left one out. Proceed, with fingers crossed.

/Users/cortbreuer/Desktop/Storage/Cornell/Sophomore Fall 2019/ENGRD 2700/ENGRD 
2700 Work/Problem Sets/Problem Set 4/Problem Set 4.tex:176: Missing $ inserted.
<inserted text> 
                $
l.176 Var(X_
            1 + X_2) = Var(X_1) + Var(X_2)
I've inserted a begin-math/end-math symbol since I think
you left one out. Proceed, with fingers crossed.

/Users/cortbreuer/Desktop/Storage/Cornell/Sophomore Fall 2019/ENGRD 2700/ENGRD 
2700 Work/Problem Sets/Problem Set 4/Problem Set 4.tex:177: Missing $ inserted.
<inserted text> 
                $
l.177 
      
I've inserted a begin-math/end-math symbol since I think
you left one out. Proceed, with fingers crossed.

/Users/cortbreuer/Desktop/Storage/Cornell/Sophomore Fall 2019/ENGRD 2700/ENGRD 
2700 Work/Problem Sets/Problem Set 4/Problem Set 4.tex:178: Missing $ inserted.
<inserted text> 
                $
l.178 Var(5X_
             1 - X_2) = 5^2 \cdot Var(X_1) + Var(X_2)
I've inserted a begin-math/end-math symbol since I think
you left one out. Proceed, with fingers crossed.

/Users/cortbreuer/Desktop/Storage/Cornell/Sophomore Fall 2019/ENGRD 2700/ENGRD 
2700 Work/Problem Sets/Problem Set 4/Problem Set 4.tex:179: Missing $ inserted.
<inserted text> 
                $
l.179 
      
I've inserted a begin-math/end-math symbol since I think
you left one out. Proceed, with fingers crossed.

/Users/cortbreuer/Desktop/Storage/Cornell/Sophomore Fall 2019/ENGRD 2700/ENGRD 
2700 Work/Problem Sets/Problem Set 4/Problem Set 4.tex:180: Missing $ inserted.
<inserted text> 
                $
l.180 _
       ______________
I've inserted a begin-math/end-math symbol since I think
you left one out. Proceed, with fingers crossed.

/Users/cortbreuer/Desktop/Storage/Cornell/Sophomore Fall 2019/ENGRD 2700/ENGRD 
2700 Work/Problem Sets/Problem Set 4/Problem Set 4.tex:180: Missing { inserted.
<to be read again> 
                   _
l.180 __
        _____________
A left brace was mandatory here, so I've put one in.
You might want to delete and/or insert some corrections
so that I will find a matching right brace soon.
(If you're confused by all this, try typing `I}' now.)

/Users/cortbreuer/Desktop/Storage/Cornell/Sophomore Fall 2019/ENGRD 2700/ENGRD 
2700 Work/Problem Sets/Problem Set 4/Problem Set 4.tex:180: Missing { inserted.
<to be read again> 
                   _
l.180 ___
         ____________
A left brace was mandatory here, so I've put one in.
You might want to delete and/or insert some corrections
so that I will find a matching right brace soon.
(If you're confused by all this, try typing `I}' now.)

/Users/cortbreuer/Desktop/Storage/Cornell/Sophomore Fall 2019/ENGRD 2700/ENGRD 
2700 Work/Problem Sets/Problem Set 4/Problem Set 4.tex:180: Missing { inserted.
<to be read again> 
                   _
l.180 ____
          ___________
A left brace was mandatory here, so I've put one in.
You might want to delete and/or insert some corrections
so that I will find a matching right brace soon.
(If you're confused by all this, try typing `I}' now.)

/Users/cortbreuer/Desktop/Storage/Cornell/Sophomore Fall 2019/ENGRD 2700/ENGRD 
2700 Work/Problem Sets/Problem Set 4/Problem Set 4.tex:180: Missing { inserted.
<to be read again> 
                   _
l.180 _____
           __________
A left brace was mandatory here, so I've put one in.
You might want to delete and/or insert some corrections
so that I will find a matching right brace soon.
(If you're confused by all this, try typing `I}' now.)

/Users/cortbreuer/Desktop/Storage/Cornell/Sophomore Fall 2019/ENGRD 2700/ENGRD 
2700 Work/Problem Sets/Problem Set 4/Problem Set 4.tex:180: Missing { inserted.
<to be read again> 
                   _
l.180 ______
            _________
A left brace was mandatory here, so I've put one in.
You might want to delete and/or insert some corrections
so that I will find a matching right brace soon.
(If you're confused by all this, try typing `I}' now.)

/Users/cortbreuer/Desktop/Storage/Cornell/Sophomore Fall 2019/ENGRD 2700/ENGRD 
2700 Work/Problem Sets/Problem Set 4/Problem Set 4.tex:180: Missing { inserted.
<to be read again> 
                   _
l.180 _______
             ________
A left brace was mandatory here, so I've put one in.
You might want to delete and/or insert some corrections
so that I will find a matching right brace soon.
(If you're confused by all this, try typing `I}' now.)

/Users/cortbreuer/Desktop/Storage/Cornell/Sophomore Fall 2019/ENGRD 2700/ENGRD 
2700 Work/Problem Sets/Problem Set 4/Problem Set 4.tex:180: Missing { inserted.
<to be read again> 
                   _
l.180 ________
              _______
A left brace was mandatory here, so I've put one in.
You might want to delete and/or insert some corrections
so that I will find a matching right brace soon.
(If you're confused by all this, try typing `I}' now.)

/Users/cortbreuer/Desktop/Storage/Cornell/Sophomore Fall 2019/ENGRD 2700/ENGRD 
2700 Work/Problem Sets/Problem Set 4/Problem Set 4.tex:180: Missing { inserted.
<to be read again> 
                   _
l.180 _________
               ______
A left brace was mandatory here, so I've put one in.
You might want to delete and/or insert some corrections
so that I will find a matching right brace soon.
(If you're confused by all this, try typing `I}' now.)

/Users/cortbreuer/Desktop/Storage/Cornell/Sophomore Fall 2019/ENGRD 2700/ENGRD 
2700 Work/Problem Sets/Problem Set 4/Problem Set 4.tex:180: Missing { inserted.
<to be read again> 
                   _
l.180 __________
                _____
A left brace was mandatory here, so I've put one in.
You might want to delete and/or insert some corrections
so that I will find a matching right brace soon.
(If you're confused by all this, try typing `I}' now.)

/Users/cortbreuer/Desktop/Storage/Cornell/Sophomore Fall 2019/ENGRD 2700/ENGRD 
2700 Work/Problem Sets/Problem Set 4/Problem Set 4.tex:180: Missing { inserted.
<to be read again> 
                   _
l.180 ___________
                 ____
A left brace was mandatory here, so I've put one in.
You might want to delete and/or insert some corrections
so that I will find a matching right brace soon.
(If you're confused by all this, try typing `I}' now.)

/Users/cortbreuer/Desktop/Storage/Cornell/Sophomore Fall 2019/ENGRD 2700/ENGRD 
2700 Work/Problem Sets/Problem Set 4/Problem Set 4.tex:180: Missing { inserted.
<to be read again> 
                   _
l.180 ____________
                  ___
A left brace was mandatory here, so I've put one in.
You might want to delete and/or insert some corrections
so that I will find a matching right brace soon.
(If you're confused by all this, try typing `I}' now.)

/Users/cortbreuer/Desktop/Storage/Cornell/Sophomore Fall 2019/ENGRD 2700/ENGRD 
2700 Work/Problem Sets/Problem Set 4/Problem Set 4.tex:180: Missing { inserted.
<to be read again> 
                   _
l.180 _____________
                   __
A left brace was mandatory here, so I've put one in.
You might want to delete and/or insert some corrections
so that I will find a matching right brace soon.
(If you're confused by all this, try typing `I}' now.)

/Users/cortbreuer/Desktop/Storage/Cornell/Sophomore Fall 2019/ENGRD 2700/ENGRD 
2700 Work/Problem Sets/Problem Set 4/Problem Set 4.tex:180: Missing { inserted.
<to be read again> 
                   _
l.180 ______________
                    _
A left brace was mandatory here, so I've put one in.
You might want to delete and/or insert some corrections
so that I will find a matching right brace soon.
(If you're confused by all this, try typing `I}' now.)

/Users/cortbreuer/Desktop/Storage/Cornell/Sophomore Fall 2019/ENGRD 2700/ENGRD 
2700 Work/Problem Sets/Problem Set 4/Problem Set 4.tex:180: Missing { inserted.
<to be read again> 
                   _
l.180 _______________
                     
A left brace was mandatory here, so I've put one in.
You might want to delete and/or insert some corrections
so that I will find a matching right brace soon.
(If you're confused by all this, try typing `I}' now.)

/Users/cortbreuer/Desktop/Storage/Cornell/Sophomore Fall 2019/ENGRD 2700/ENGRD 
2700 Work/Problem Sets/Problem Set 4/Problem Set 4.tex:181: Missing { inserted.
<to be read again> 
                   \par 
l.181 
      
A left brace was mandatory here, so I've put one in.
You might want to delete and/or insert some corrections
so that I will find a matching right brace soon.
(If you're confused by all this, try typing `I}' now.)

/Users/cortbreuer/Desktop/Storage/Cornell/Sophomore Fall 2019/ENGRD 2700/ENGRD 
2700 Work/Problem Sets/Problem Set 4/Problem Set 4.tex:181: Missing $ inserted.
<inserted text> 
                $
l.181 
      
I've inserted a begin-math/end-math symbol since I think
you left one out. Proceed, with fingers crossed.

/Users/cortbreuer/Desktop/Storage/Cornell/Sophomore Fall 2019/ENGRD 2700/ENGRD 
2700 Work/Problem Sets/Problem Set 4/Problem Set 4.tex:181: Missing } inserted.
<inserted text> 
                }
l.181 
      
I've inserted something that you may have forgotten.
(See the <inserted text> above.)
With luck, this will get me unwedged. But if you
really didn't forget anything, try typing `2' now; then
my insertion and my current dilemma will both disappear.

/Users/cortbreuer/Desktop/Storage/Cornell/Sophomore Fall 2019/ENGRD 2700/ENGRD 
2700 Work/Problem Sets/Problem Set 4/Problem Set 4.tex:181: Missing } inserted.
<inserted text> 
                }
l.181 
      
I've inserted something that you may have forgotten.
(See the <inserted text> above.)
With luck, this will get me unwedged. But if you
really didn't forget anything, try typing `2' now; then
my insertion and my current dilemma will both disappear.

/Users/cortbreuer/Desktop/Storage/Cornell/Sophomore Fall 2019/ENGRD 2700/ENGRD 
2700 Work/Problem Sets/Problem Set 4/Problem Set 4.tex:181: Missing } inserted.
<inserted text> 
                }
l.181 
      
I've inserted something that you may have forgotten.
(See the <inserted text> above.)
With luck, this will get me unwedged. But if you
really didn't forget anything, try typing `2' now; then
my insertion and my current dilemma will both disappear.

/Users/cortbreuer/Desktop/Storage/Cornell/Sophomore Fall 2019/ENGRD 2700/ENGRD 
2700 Work/Problem Sets/Problem Set 4/Problem Set 4.tex:181: Missing } inserted.
<inserted text> 
                }
l.181 
      
I've inserted something that you may have forgotten.
(See the <inserted text> above.)
With luck, this will get me unwedged. But if you
really didn't forget anything, try typing `2' now; then
my insertion and my current dilemma will both disappear.

/Users/cortbreuer/Desktop/Storage/Cornell/Sophomore Fall 2019/ENGRD 2700/ENGRD 
2700 Work/Problem Sets/Problem Set 4/Problem Set 4.tex:181: Missing } inserted.
<inserted text> 
                }
l.181 
      
I've inserted something that you may have forgotten.
(See the <inserted text> above.)
With luck, this will get me unwedged. But if you
really didn't forget anything, try typing `2' now; then
my insertion and my current dilemma will both disappear.

/Users/cortbreuer/Desktop/Storage/Cornell/Sophomore Fall 2019/ENGRD 2700/ENGRD 
2700 Work/Problem Sets/Problem Set 4/Problem Set 4.tex:181: Missing } inserted.
<inserted text> 
                }
l.181 
      
I've inserted something that you may have forgotten.
(See the <inserted text> above.)
With luck, this will get me unwedged. But if you
really didn't forget anything, try typing `2' now; then
my insertion and my current dilemma will both disappear.

/Users/cortbreuer/Desktop/Storage/Cornell/Sophomore Fall 2019/ENGRD 2700/ENGRD 
2700 Work/Problem Sets/Problem Set 4/Problem Set 4.tex:181: Missing } inserted.
<inserted text> 
                }
l.181 
      
I've inserted something that you may have forgotten.
(See the <inserted text> above.)
With luck, this will get me unwedged. But if you
really didn't forget anything, try typing `2' now; then
my insertion and my current dilemma will both disappear.

/Users/cortbreuer/Desktop/Storage/Cornell/Sophomore Fall 2019/ENGRD 2700/ENGRD 
2700 Work/Problem Sets/Problem Set 4/Problem Set 4.tex:181: Missing } inserted.
<inserted text> 
                }
l.181 
      
I've inserted something that you may have forgotten.
(See the <inserted text> above.)
With luck, this will get me unwedged. But if you
really didn't forget anything, try typing `2' now; then
my insertion and my current dilemma will both disappear.

/Users/cortbreuer/Desktop/Storage/Cornell/Sophomore Fall 2019/ENGRD 2700/ENGRD 
2700 Work/Problem Sets/Problem Set 4/Problem Set 4.tex:181: Missing } inserted.
<inserted text> 
                }
l.181 
      
I've inserted something that you may have forgotten.
(See the <inserted text> above.)
With luck, this will get me unwedged. But if you
really didn't forget anything, try typing `2' now; then
my insertion and my current dilemma will both disappear.

/Users/cortbreuer/Desktop/Storage/Cornell/Sophomore Fall 2019/ENGRD 2700/ENGRD 
2700 Work/Problem Sets/Problem Set 4/Problem Set 4.tex:181: Missing } inserted.
<inserted text> 
                }
l.181 
      
I've inserted something that you may have forgotten.
(See the <inserted text> above.)
With luck, this will get me unwedged. But if you
really didn't forget anything, try typing `2' now; then
my insertion and my current dilemma will both disappear.

/Users/cortbreuer/Desktop/Storage/Cornell/Sophomore Fall 2019/ENGRD 2700/ENGRD 
2700 Work/Problem Sets/Problem Set 4/Problem Set 4.tex:181: Missing } inserted.
<inserted text> 
                }
l.181 
      
I've inserted something that you may have forgotten.
(See the <inserted text> above.)
With luck, this will get me unwedged. But if you
really didn't forget anything, try typing `2' now; then
my insertion and my current dilemma will both disappear.

/Users/cortbreuer/Desktop/Storage/Cornell/Sophomore Fall 2019/ENGRD 2700/ENGRD 
2700 Work/Problem Sets/Problem Set 4/Problem Set 4.tex:181: Missing } inserted.
<inserted text> 
                }
l.181 
      
I've inserted something that you may have forgotten.
(See the <inserted text> above.)
With luck, this will get me unwedged. But if you
really didn't forget anything, try typing `2' now; then
my insertion and my current dilemma will both disappear.

/Users/cortbreuer/Desktop/Storage/Cornell/Sophomore Fall 2019/ENGRD 2700/ENGRD 
2700 Work/Problem Sets/Problem Set 4/Problem Set 4.tex:181: Missing } inserted.
<inserted text> 
                }
l.181 
      
I've inserted something that you may have forgotten.
(See the <inserted text> above.)
With luck, this will get me unwedged. But if you
really didn't forget anything, try typing `2' now; then
my insertion and my current dilemma will both disappear.

/Users/cortbreuer/Desktop/Storage/Cornell/Sophomore Fall 2019/ENGRD 2700/ENGRD 
2700 Work/Problem Sets/Problem Set 4/Problem Set 4.tex:181: Missing } inserted.
<inserted text> 
                }
l.181 
      
I've inserted something that you may have forgotten.
(See the <inserted text> above.)
With luck, this will get me unwedged. But if you
really didn't forget anything, try typing `2' now; then
my insertion and my current dilemma will both disappear.

/Users/cortbreuer/Desktop/Storage/Cornell/Sophomore Fall 2019/ENGRD 2700/ENGRD 
2700 Work/Problem Sets/Problem Set 4/Problem Set 4.tex:181: Missing } inserted.
<inserted text> 
                }
l.181 
      
I've inserted something that you may have forgotten.
(See the <inserted text> above.)
With luck, this will get me unwedged. But if you
really didn't forget anything, try typing `2' now; then
my insertion and my current dilemma will both disappear.

[6]
(/Users/cortbreuer/Desktop/Storage/Cornell/Sophomore Fall 2019/ENGRD 2700/ENGRD
 2700 Work/Problem Sets/Problem Set 4/Problem Set 4.aux) )
(\end occurred inside a group at level 1)

### simple group (level 1) entered at line 136 ({)
### bottom level 
Here is how much of TeX's memory you used:
 2969 strings out of 492649
 39695 string characters out of 6129622
 126029 words of memory out of 5000000
 6839 multiletter control sequences out of 15000+600000
 7164 words of font info for 28 fonts, out of 8000000 for 9000
 1141 hyphenation exceptions out of 8191
 36i,16n,68p,1033b,212s stack positions out of 5000i,500n,10000p,200000b,80000s
</usr/local/texlive/2018/texmf-dist/fonts/type1/public/amsfonts
/cm/cmbx12.pfb></usr/local/texlive/2018/texmf-dist/fonts/type1/public/amsfonts/
cm/cmex10.pfb></usr/local/texlive/2018/texmf-dist/fonts/type1/public/amsfonts/c
m/cmmi10.pfb></usr/local/texlive/2018/texmf-dist/fonts/type1/public/amsfonts/cm
/cmmi7.pfb></usr/local/texlive/2018/texmf-dist/fonts/type1/public/amsfonts/cm/c
mr10.pfb></usr/local/texlive/2018/texmf-dist/fonts/type1/public/amsfonts/cm/cmr
7.pfb></usr/local/texlive/2018/texmf-dist/fonts/type1/public/amsfonts/cm/cmsy10
.pfb></usr/local/texlive/2018/texmf-dist/fonts/type1/public/amsfonts/cm/cmsy7.p
fb></usr/local/texlive/2018/texmf-dist/fonts/type1/public/amsfonts/symbols/msbm
10.pfb>
Output written on "Problem Set 4.pdf" (6 pages, 100981 bytes).
PDF statistics:
 59 PDF objects out of 1000 (max. 8388607)
 41 compressed objects within 1 object stream
 0 named destinations out of 1000 (max. 500000)
 1 words of extra memory for PDF output out of 10000 (max. 10000000)

