This is pdfTeX, Version 3.14159265-2.6-1.40.19 (TeX Live 2018) (preloaded format=pdflatex 2018.4.16)  3 OCT 2019 16:58
entering extended mode
 restricted \write18 enabled.
 file:line:error style messages enabled.
 %&-line parsing enabled.
**"Problem Set 3.tex"

(/Users/cortbreuer/Desktop/Storage/Cornell/Sophomore Fall 2019/ENGRD 2700/ENGRD
 2700 Work/Problem Sets/Problem Set 3/Problem Set 3.tex
LaTeX2e <2018-04-01> patch level 2
Babel <3.18> and hyphenation patterns for 84 language(s) loaded.
(/usr/local/texlive/2018/texmf-dist/tex/latex/base/article.cls
Document Class: article 2014/09/29 v1.4h Standard LaTeX document class
(/usr/local/texlive/2018/texmf-dist/tex/latex/base/size10.clo
File: size10.clo 2014/09/29 v1.4h Standard LaTeX file (size option)
)
\c@part=\count80
\c@section=\count81
\c@subsection=\count82
\c@subsubsection=\count83
\c@paragraph=\count84
\c@subparagraph=\count85
\c@figure=\count86
\c@table=\count87
\abovecaptionskip=\skip41
\belowcaptionskip=\skip42
\bibindent=\dimen102
) (/usr/local/texlive/2018/texmf-dist/tex/latex/datetime/datetime.sty
Package: datetime 2015/03/20 v2.60 Date Time Package
(/usr/local/texlive/2018/texmf-dist/tex/latex/etoolbox/etoolbox.sty
Package: etoolbox 2018/02/11 v2.5e e-TeX tools for LaTeX (JAW)
\etb@tempcnta=\count88
) (/usr/local/texlive/2018/texmf-dist/tex/latex/fmtcount/fmtcount.sty
Package: fmtcount 2017/12/24 v3.05
(/usr/local/texlive/2018/texmf-dist/tex/latex/base/ifthen.sty
Package: ifthen 2014/09/29 v1.1c Standard LaTeX ifthen package (DPC)
) (/usr/local/texlive/2018/texmf-dist/tex/latex/xkeyval/xkeyval.sty
Package: xkeyval 2014/12/03 v2.7a package option processing (HA)
(/usr/local/texlive/2018/texmf-dist/tex/generic/xkeyval/xkeyval.tex (/usr/local
/texlive/2018/texmf-dist/tex/generic/xkeyval/xkvutils.tex
\XKV@toks=\toks14
\XKV@tempa@toks=\toks15
(/usr/local/texlive/2018/texmf-dist/tex/generic/xkeyval/keyval.tex))
\XKV@depth=\count89
File: xkeyval.tex 2014/12/03 v2.7a key=value parser (HA)
)) (/usr/local/texlive/2018/texmf-dist/tex/latex/fmtcount/fcprefix.sty
Package: fcprefix 2012/09/28
(/usr/local/texlive/2018/texmf-dist/tex/latex/fmtcount/fcnumparser.sty
Package: fcnumparser 2017/06/15
\fc@digit@counter=\count90
)) (/usr/local/texlive/2018/texmf-dist/tex/latex/amsmath/amsgen.sty
File: amsgen.sty 1999/11/30 v2.0 generic functions
\@emptytoks=\toks16
\ex@=\dimen103
)
\c@padzeroesN=\count91
\fc@tmpcatcode=\count92
\@DT@modctr=\count93
\@ordinalctr=\count94
\@orgargctr=\count95
\@strctr=\count96
\@tmpstrctr=\count97
\@DT@loopN=\count98
\@DT@X=\count99
) (/usr/local/texlive/2018/texmf-dist/tex/latex/datetime/datetime-defaults.sty
Package: datetime-defaults 2013/09/10
)
\@day=\count100
\@month=\count101
\@year=\count102
\c@HOUR=\count103
\c@HOURXII=\count104
\c@MINUTE=\count105
\c@TOHOUR=\count106
\c@TOMINUTE=\count107
\c@SECOND=\count108
\currenthour=\count109
\currentminute=\count110
\currentsecond=\count111
Package datetime Info: No datetime.cfg file found, using default settings on in
put line 308.
\@dtctr=\count112
\dayofyear=\count113
\dayofweek=\count114
LaTeX Info: Redefining \today on input line 736.
\dt@a=\toks17
\dt@b=\toks18
) (/usr/local/texlive/2018/texmf-dist/tex/latex/geometry/geometry.sty
Package: geometry 2018/03/24 v5.7 Page Geometry
(/usr/local/texlive/2018/texmf-dist/tex/generic/oberdiek/ifpdf.sty
Package: ifpdf 2017/03/15 v3.2 Provides the ifpdf switch
) (/usr/local/texlive/2018/texmf-dist/tex/generic/oberdiek/ifvtex.sty
Package: ifvtex 2016/05/16 v1.6 Detect VTeX and its facilities (HO)
Package ifvtex Info: VTeX not detected.
) (/usr/local/texlive/2018/texmf-dist/tex/generic/ifxetex/ifxetex.sty
Package: ifxetex 2010/09/12 v0.6 Provides ifxetex conditional
)
\Gm@cnth=\count115
\Gm@cntv=\count116
\c@Gm@tempcnt=\count117
\Gm@bindingoffset=\dimen104
\Gm@wd@mp=\dimen105
\Gm@odd@mp=\dimen106
\Gm@even@mp=\dimen107
\Gm@layoutwidth=\dimen108
\Gm@layoutheight=\dimen109
\Gm@layouthoffset=\dimen110
\Gm@layoutvoffset=\dimen111
\Gm@dimlist=\toks19
) (/usr/local/texlive/2018/texmf-dist/tex/latex/fancyhdr/fancyhdr.sty
Package: fancyhdr 2017/06/30 v3.9a Extensive control of page headers and footer
s
\f@nch@headwidth=\skip43
\f@nch@O@elh=\skip44
\f@nch@O@erh=\skip45
\f@nch@O@olh=\skip46
\f@nch@O@orh=\skip47
\f@nch@O@elf=\skip48
\f@nch@O@erf=\skip49
\f@nch@O@olf=\skip50
\f@nch@O@orf=\skip51
) (/usr/local/texlive/2018/texmf-dist/tex/latex/mathtools/mathtools.sty
Package: mathtools 2018/01/08 v1.21 mathematical typesetting tools
(/usr/local/texlive/2018/texmf-dist/tex/latex/tools/calc.sty
Package: calc 2017/05/25 v4.3 Infix arithmetic (KKT,FJ)
\calc@Acount=\count118
\calc@Bcount=\count119
\calc@Adimen=\dimen112
\calc@Bdimen=\dimen113
\calc@Askip=\skip52
\calc@Bskip=\skip53
LaTeX Info: Redefining \setlength on input line 80.
LaTeX Info: Redefining \addtolength on input line 81.
\calc@Ccount=\count120
\calc@Cskip=\skip54
) (/usr/local/texlive/2018/texmf-dist/tex/latex/mathtools/mhsetup.sty
Package: mhsetup 2017/03/31 v1.3 programming setup (MH)
) (/usr/local/texlive/2018/texmf-dist/tex/latex/amsmath/amsmath.sty
Package: amsmath 2017/09/02 v2.17a AMS math features
\@mathmargin=\skip55
For additional information on amsmath, use the `?' option.
(/usr/local/texlive/2018/texmf-dist/tex/latex/amsmath/amstext.sty
Package: amstext 2000/06/29 v2.01 AMS text
) (/usr/local/texlive/2018/texmf-dist/tex/latex/amsmath/amsbsy.sty
Package: amsbsy 1999/11/29 v1.2d Bold Symbols
\pmbraise@=\dimen114
) (/usr/local/texlive/2018/texmf-dist/tex/latex/amsmath/amsopn.sty
Package: amsopn 2016/03/08 v2.02 operator names
)
\inf@bad=\count121
LaTeX Info: Redefining \frac on input line 213.
\uproot@=\count122
\leftroot@=\count123
LaTeX Info: Redefining \overline on input line 375.
\classnum@=\count124
\DOTSCASE@=\count125
LaTeX Info: Redefining \ldots on input line 472.
LaTeX Info: Redefining \dots on input line 475.
LaTeX Info: Redefining \cdots on input line 596.
\Mathstrutbox@=\box26
\strutbox@=\box27
\big@size=\dimen115
LaTeX Font Info:    Redeclaring font encoding OML on input line 712.
LaTeX Font Info:    Redeclaring font encoding OMS on input line 713.
\macc@depth=\count126
\c@MaxMatrixCols=\count127
\dotsspace@=\muskip10
\c@parentequation=\count128
\dspbrk@lvl=\count129
\tag@help=\toks20
\row@=\count130
\column@=\count131
\maxfields@=\count132
\andhelp@=\toks21
\eqnshift@=\dimen116
\alignsep@=\dimen117
\tagshift@=\dimen118
\tagwidth@=\dimen119
\totwidth@=\dimen120
\lineht@=\dimen121
\@envbody=\toks22
\multlinegap=\skip56
\multlinetaggap=\skip57
\mathdisplay@stack=\toks23
LaTeX Info: Redefining \[ on input line 2817.
LaTeX Info: Redefining \] on input line 2818.
)
LaTeX Info: Thecontrolsequence`\('isalreadyrobust on input line 129.
LaTeX Info: Thecontrolsequence`\)'isalreadyrobust on input line 129.
LaTeX Info: Thecontrolsequence`\['isalreadyrobust on input line 129.
LaTeX Info: Thecontrolsequence`\]'isalreadyrobust on input line 129.
\g_MT_multlinerow_int=\count133
\l_MT_multwidth_dim=\dimen122
\origjot=\skip58
\l_MT_shortvdotswithinadjustabove_dim=\dimen123
\l_MT_shortvdotswithinadjustbelow_dim=\dimen124
\l_MT_above_intertext_sep=\dimen125
\l_MT_below_intertext_sep=\dimen126
\l_MT_above_shortintertext_sep=\dimen127
\l_MT_below_shortintertext_sep=\dimen128
)
(/Users/cortbreuer/Desktop/Storage/Cornell/Sophomore Fall 2019/ENGRD 2700/ENGRD
 2700 Work/Problem Sets/Problem Set 3/Problem Set 3.aux)
\openout1 = `"Problem Set 3.aux"'.

LaTeX Font Info:    Checking defaults for OML/cmm/m/it on input line 15.
LaTeX Font Info:    ... okay on input line 15.
LaTeX Font Info:    Checking defaults for T1/cmr/m/n on input line 15.
LaTeX Font Info:    ... okay on input line 15.
LaTeX Font Info:    Checking defaults for OT1/cmr/m/n on input line 15.
LaTeX Font Info:    ... okay on input line 15.
LaTeX Font Info:    Checking defaults for OMS/cmsy/m/n on input line 15.
LaTeX Font Info:    ... okay on input line 15.
LaTeX Font Info:    Checking defaults for OMX/cmex/m/n on input line 15.
LaTeX Font Info:    ... okay on input line 15.
LaTeX Font Info:    Checking defaults for U/cmr/m/n on input line 15.
LaTeX Font Info:    ... okay on input line 15.
(/usr/local/texlive/2018/texmf-dist/tex/latex/fmtcount/fc-english.def
File: fc-english.def 2016/01/12
)
*geometry* driver: auto-detecting
*geometry* detected driver: pdftex
*geometry* verbose mode - [ preamble ] result:
* driver: pdftex
* paper: letterpaper
* layout: <same size as paper>
* layoutoffset:(h,v)=(0.0pt,0.0pt)
* modes: 
* h-part:(L,W,R)=(90.3375pt, 433.62001pt, 90.3375pt)
* v-part:(T,H,B)=(90.3375pt, 614.295pt, 90.3375pt)
* \paperwidth=614.295pt
* \paperheight=794.96999pt
* \textwidth=433.62001pt
* \textheight=614.295pt
* \oddsidemargin=18.0675pt
* \evensidemargin=18.0675pt
* \topmargin=-18.9325pt
* \headheight=12.0pt
* \headsep=25.0pt
* \topskip=10.0pt
* \footskip=30.0pt
* \marginparwidth=65.0pt
* \marginparsep=11.0pt
* \columnsep=10.0pt
* \skip\footins=9.0pt plus 4.0pt minus 2.0pt
* \hoffset=0.0pt
* \voffset=0.0pt
* \mag=1000
* \@twocolumnfalse
* \@twosidefalse
* \@mparswitchfalse
* \@reversemarginfalse
* (1in=72.27pt=25.4mm, 1cm=28.453pt)

(/usr/local/texlive/2018/texmf-dist/tex/latex/graphics/graphicx.sty
Package: graphicx 2017/06/01 v1.1a Enhanced LaTeX Graphics (DPC,SPQR)
(/usr/local/texlive/2018/texmf-dist/tex/latex/graphics/graphics.sty
Package: graphics 2017/06/25 v1.2c Standard LaTeX Graphics (DPC,SPQR)
(/usr/local/texlive/2018/texmf-dist/tex/latex/graphics/trig.sty
Package: trig 2016/01/03 v1.10 sin cos tan (DPC)
) (/usr/local/texlive/2018/texmf-dist/tex/latex/graphics-cfg/graphics.cfg
File: graphics.cfg 2016/06/04 v1.11 sample graphics configuration
)
Package graphics Info: Driver file: pdftex.def on input line 99.
(/usr/local/texlive/2018/texmf-dist/tex/latex/graphics-def/pdftex.def
File: pdftex.def 2018/01/08 v1.0l Graphics/color driver for pdftex
(/usr/local/texlive/2018/texmf-dist/tex/context/base/mkii/supp-pdf.mkii
[Loading MPS to PDF converter (version 2006.09.02).]
\scratchcounter=\count134
\scratchdimen=\dimen129
\scratchbox=\box28
\nofMPsegments=\count135
\nofMParguments=\count136
\everyMPshowfont=\toks24
\MPscratchCnt=\count137
\MPscratchDim=\dimen130
\MPnumerator=\count138
\makeMPintoPDFobject=\count139
\everyMPtoPDFconversion=\toks25
))) (/usr/local/texlive/2018/texmf-dist/tex/latex/oberdiek/epstopdf-base.sty
Package: epstopdf-base 2016/05/15 v2.6 Base part for package epstopdf
(/usr/local/texlive/2018/texmf-dist/tex/generic/oberdiek/infwarerr.sty
Package: infwarerr 2016/05/16 v1.4 Providing info/warning/error messages (HO)
) (/usr/local/texlive/2018/texmf-dist/tex/latex/oberdiek/grfext.sty
Package: grfext 2016/05/16 v1.2 Manage graphics extensions (HO)
(/usr/local/texlive/2018/texmf-dist/tex/generic/oberdiek/kvdefinekeys.sty
Package: kvdefinekeys 2016/05/16 v1.4 Define keys (HO)
(/usr/local/texlive/2018/texmf-dist/tex/generic/oberdiek/ltxcmds.sty
Package: ltxcmds 2016/05/16 v1.23 LaTeX kernel commands for general use (HO)
))) (/usr/local/texlive/2018/texmf-dist/tex/latex/oberdiek/kvoptions.sty
Package: kvoptions 2016/05/16 v3.12 Key value format for package options (HO)
(/usr/local/texlive/2018/texmf-dist/tex/generic/oberdiek/kvsetkeys.sty
Package: kvsetkeys 2016/05/16 v1.17 Key value parser (HO)
(/usr/local/texlive/2018/texmf-dist/tex/generic/oberdiek/etexcmds.sty
Package: etexcmds 2016/05/16 v1.6 Avoid name clashes with e-TeX commands (HO)
(/usr/local/texlive/2018/texmf-dist/tex/generic/oberdiek/ifluatex.sty
Package: ifluatex 2016/05/16 v1.4 Provides the ifluatex switch (HO)
Package ifluatex Info: LuaTeX not detected.
)
Package etexcmds Info: Could not find \expanded.
(etexcmds)             That can mean that you are not using pdfTeX 1.50 or
(etexcmds)             that some package has redefined \expanded.
(etexcmds)             In the latter case, load this package earlier.
))) (/usr/local/texlive/2018/texmf-dist/tex/generic/oberdiek/pdftexcmds.sty
Package: pdftexcmds 2018/01/30 v0.27 Utility functions of pdfTeX for LuaTeX (HO
)
Package pdftexcmds Info: LuaTeX not detected.
Package pdftexcmds Info: \pdf@primitive is available.
Package pdftexcmds Info: \pdf@ifprimitive is available.
Package pdftexcmds Info: \pdfdraftmode found.
)
Package epstopdf-base Info: Redefining graphics rule for `.eps' on input line 4
38.
Package grfext Info: Graphics extension search list:
(grfext)             [.pdf,.png,.jpg,.mps,.jpeg,.jbig2,.jb2,.PDF,.PNG,.JPG,.JPE
G,.JBIG2,.JB2,.eps]
(grfext)             \AppendGraphicsExtensions on input line 456.
(/usr/local/texlive/2018/texmf-dist/tex/latex/latexconfig/epstopdf-sys.cfg
File: epstopdf-sys.cfg 2010/07/13 v1.3 Configuration of (r)epstopdf for TeX Liv
e
))
\Gin@req@height=\dimen131
\Gin@req@width=\dimen132
) [1{/usr/local/texlive/2018/texmf-var/fonts/map/pdftex/updmap/pdftex.map}

] [2] [3] [4]
/Users/cortbreuer/Desktop/Storage/Cornell/Sophomore Fall 2019/ENGRD 2700/ENGRD 
2700 Work/Problem Sets/Problem Set 3/Problem Set 3.tex:98: Missing $ inserted.
<inserted text> 
                $
l.98 
     
I've inserted a begin-math/end-math symbol since I think
you left one out. Proceed, with fingers crossed.

/Users/cortbreuer/Desktop/Storage/Cornell/Sophomore Fall 2019/ENGRD 2700/ENGRD 
2700 Work/Problem Sets/Problem Set 3/Problem Set 3.tex:98: Missing } inserted.
<inserted text> 
                }
l.98 
     
I've inserted something that you may have forgotten.
(See the <inserted text> above.)
With luck, this will get me unwedged. But if you
really didn't forget anything, try typing `2' now; then
my insertion and my current dilemma will both disappear.

/Users/cortbreuer/Desktop/Storage/Cornell/Sophomore Fall 2019/ENGRD 2700/ENGRD 
2700 Work/Problem Sets/Problem Set 3/Problem Set 3.tex:98: Missing } inserted.
<inserted text> 
                }
l.98 
     
I've inserted something that you may have forgotten.
(See the <inserted text> above.)
With luck, this will get me unwedged. But if you
really didn't forget anything, try typing `2' now; then
my insertion and my current dilemma will both disappear.

/Users/cortbreuer/Desktop/Storage/Cornell/Sophomore Fall 2019/ENGRD 2700/ENGRD 
2700 Work/Problem Sets/Problem Set 3/Problem Set 3.tex:98: Missing \cr inserted
.
<inserted text> 
                \cr 
l.98 
     
I'm guessing that you meant to end an alignment here.

/Users/cortbreuer/Desktop/Storage/Cornell/Sophomore Fall 2019/ENGRD 2700/ENGRD 
2700 Work/Problem Sets/Problem Set 3/Problem Set 3.tex:98: Missing { inserted.
<inserted text> 
                {
l.98 
     
I've put in what seems to be necessary to fix
the current column of the current alignment.
Try to go on, since this might almost work.

/Users/cortbreuer/Desktop/Storage/Cornell/Sophomore Fall 2019/ENGRD 2700/ENGRD 
2700 Work/Problem Sets/Problem Set 3/Problem Set 3.tex:98: Missing $ inserted.
<inserted text> 
                $
l.98 
     
I've inserted a begin-math/end-math symbol since I think
you left one out. Proceed, with fingers crossed.

/Users/cortbreuer/Desktop/Storage/Cornell/Sophomore Fall 2019/ENGRD 2700/ENGRD 
2700 Work/Problem Sets/Problem Set 3/Problem Set 3.tex:99: Misplaced alignment 
tab character &.
l.99 0 &
         x < -2 \\
I can't figure out why you would want to use a tab mark
here. If you just want an ampersand, the remedy is
simple: Just type `I\&' now. But if some right brace
up above has ended a previous alignment prematurely,
you're probably due for more error messages, and you
might try typing `S' now just to see what is salvageable.

/Users/cortbreuer/Desktop/Storage/Cornell/Sophomore Fall 2019/ENGRD 2700/ENGRD 
2700 Work/Problem Sets/Problem Set 3/Problem Set 3.tex:99: Misplaced \cr.
\math@cr@@@ ->\cr 
                  
l.99 0 & x < -2 \\
                  
I can't figure out why you would want to use a tab mark
or \cr or \span just now. If something like a right brace
up above has ended a previous alignment prematurely,
you're probably due for more error messages, and you
might try typing `S' now just to see what is salvageable.

/Users/cortbreuer/Desktop/Storage/Cornell/Sophomore Fall 2019/ENGRD 2700/ENGRD 
2700 Work/Problem Sets/Problem Set 3/Problem Set 3.tex:99: Misplaced \noalign.
\math@cr@@ ... \iffalse }\fi \math@cr@@@ \noalign 
                                                  {\vskip #1\relax }
l.99 0 & x < -2 \\
                  
I expect to see \noalign only after the \cr of
an alignment. Proceed, and I'll ignore this case.

/Users/cortbreuer/Desktop/Storage/Cornell/Sophomore Fall 2019/ENGRD 2700/ENGRD 
2700 Work/Problem Sets/Problem Set 3/Problem Set 3.tex:100: Misplaced alignment
 tab character &.
l.100 .2 &
           -2 \leq x < -1 \\
I can't figure out why you would want to use a tab mark
here. If you just want an ampersand, the remedy is
simple: Just type `I\&' now. But if some right brace
up above has ended a previous alignment prematurely,
you're probably due for more error messages, and you
might try typing `S' now just to see what is salvageable.

/Users/cortbreuer/Desktop/Storage/Cornell/Sophomore Fall 2019/ENGRD 2700/ENGRD 
2700 Work/Problem Sets/Problem Set 3/Problem Set 3.tex:100: Missing $ inserted.
<inserted text> 
                $
l.100 .2 & -2 \leq
                   x < -1 \\
I've inserted a begin-math/end-math symbol since I think
you left one out. Proceed, with fingers crossed.

/Users/cortbreuer/Desktop/Storage/Cornell/Sophomore Fall 2019/ENGRD 2700/ENGRD 
2700 Work/Problem Sets/Problem Set 3/Problem Set 3.tex:100: Misplaced \cr.
\math@cr@@@ ->\cr 
                  
l.100 .2 & -2 \leq x < -1 \\
                            
I can't figure out why you would want to use a tab mark
or \cr or \span just now. If something like a right brace
up above has ended a previous alignment prematurely,
you're probably due for more error messages, and you
might try typing `S' now just to see what is salvageable.

/Users/cortbreuer/Desktop/Storage/Cornell/Sophomore Fall 2019/ENGRD 2700/ENGRD 
2700 Work/Problem Sets/Problem Set 3/Problem Set 3.tex:100: Misplaced \noalign.

\math@cr@@ ... \iffalse }\fi \math@cr@@@ \noalign 
                                                  {\vskip #1\relax }
l.100 .2 & -2 \leq x < -1 \\
                            
I expect to see \noalign only after the \cr of
an alignment. Proceed, and I'll ignore this case.

/Users/cortbreuer/Desktop/Storage/Cornell/Sophomore Fall 2019/ENGRD 2700/ENGRD 
2700 Work/Problem Sets/Problem Set 3/Problem Set 3.tex:100: Missing $ inserted.
<inserted text> 
                $
l.100 .2 & -2 \leq x < -1 \\
                            
I've inserted a begin-math/end-math symbol since I think
you left one out. Proceed, with fingers crossed.

/Users/cortbreuer/Desktop/Storage/Cornell/Sophomore Fall 2019/ENGRD 2700/ENGRD 
2700 Work/Problem Sets/Problem Set 3/Problem Set 3.tex:100: Missing } inserted.
<inserted text> 
                }
l.100 .2 & -2 \leq x < -1 \\
                            
I've inserted something that you may have forgotten.
(See the <inserted text> above.)
With luck, this will get me unwedged. But if you
really didn't forget anything, try typing `2' now; then
my insertion and my current dilemma will both disappear.

/Users/cortbreuer/Desktop/Storage/Cornell/Sophomore Fall 2019/ENGRD 2700/ENGRD 
2700 Work/Problem Sets/Problem Set 3/Problem Set 3.tex:101: Misplaced alignment
 tab character &.
l.101 .1 &
           -1 \leq x < 0 \\
I can't figure out why you would want to use a tab mark
here. If you just want an ampersand, the remedy is
simple: Just type `I\&' now. But if some right brace
up above has ended a previous alignment prematurely,
you're probably due for more error messages, and you
might try typing `S' now just to see what is salvageable.

/Users/cortbreuer/Desktop/Storage/Cornell/Sophomore Fall 2019/ENGRD 2700/ENGRD 
2700 Work/Problem Sets/Problem Set 3/Problem Set 3.tex:102: Misplaced alignment
 tab character &.
l.102 .4 &
           0 \leq x < 1 \\
I can't figure out why you would want to use a tab mark
here. If you just want an ampersand, the remedy is
simple: Just type `I\&' now. But if some right brace
up above has ended a previous alignment prematurely,
you're probably due for more error messages, and you
might try typing `S' now just to see what is salvageable.

/Users/cortbreuer/Desktop/Storage/Cornell/Sophomore Fall 2019/ENGRD 2700/ENGRD 
2700 Work/Problem Sets/Problem Set 3/Problem Set 3.tex:103: Misplaced alignment
 tab character &.
l.103 .1 &
           1 \leq x < 2 \\
I can't figure out why you would want to use a tab mark
here. If you just want an ampersand, the remedy is
simple: Just type `I\&' now. But if some right brace
up above has ended a previous alignment prematurely,
you're probably due for more error messages, and you
might try typing `S' now just to see what is salvageable.

/Users/cortbreuer/Desktop/Storage/Cornell/Sophomore Fall 2019/ENGRD 2700/ENGRD 
2700 Work/Problem Sets/Problem Set 3/Problem Set 3.tex:104: Misplaced alignment
 tab character &.
l.104 .2 &
           x \geq 2
I can't figure out why you would want to use a tab mark
here. If you just want an ampersand, the remedy is
simple: Just type `I\&' now. But if some right brace
up above has ended a previous alignment prematurely,
you're probably due for more error messages, and you
might try typing `S' now just to see what is salvageable.

/Users/cortbreuer/Desktop/Storage/Cornell/Sophomore Fall 2019/ENGRD 2700/ENGRD 
2700 Work/Problem Sets/Problem Set 3/Problem Set 3.tex:105: Missing $ inserted.
<inserted text> 
                $
l.105 
      
I've inserted a begin-math/end-math symbol since I think
you left one out. Proceed, with fingers crossed.

/Users/cortbreuer/Desktop/Storage/Cornell/Sophomore Fall 2019/ENGRD 2700/ENGRD 
2700 Work/Problem Sets/Problem Set 3/Problem Set 3.tex:105: Missing \right. ins
erted.
<inserted text> 
                \right .
l.105 
      
I've inserted something that you may have forgotten.
(See the <inserted text> above.)
With luck, this will get me unwedged. But if you
really didn't forget anything, try typing `2' now; then
my insertion and my current dilemma will both disappear.

/Users/cortbreuer/Desktop/Storage/Cornell/Sophomore Fall 2019/ENGRD 2700/ENGRD 
2700 Work/Problem Sets/Problem Set 3/Problem Set 3.tex:105: Missing \endgroup i
nserted.
<inserted text> 
                \endgroup 
l.105 
      
I've inserted something that you may have forgotten.
(See the <inserted text> above.)
With luck, this will get me unwedged. But if you
really didn't forget anything, try typing `2' now; then
my insertion and my current dilemma will both disappear.

/Users/cortbreuer/Desktop/Storage/Cornell/Sophomore Fall 2019/ENGRD 2700/ENGRD 
2700 Work/Problem Sets/Problem Set 3/Problem Set 3.tex:105: Display math should
 end with $$.
<to be read again> 
                   \par 
l.105 
      
The `$' that I just saw supposedly matches a previous `$$'.
So I shall assume that you typed `$$' both times.


Overfull \hbox (204.61598pt too wide) detected at line 105
[]
 []

/Users/cortbreuer/Desktop/Storage/Cornell/Sophomore Fall 2019/ENGRD 2700/ENGRD 
2700 Work/Problem Sets/Problem Set 3/Problem Set 3.tex:106: Misplaced \crcr.
\MH_end_cases: ->\crcr 
                       \egroup \restorecolumn@ \egroup \MH_group_align_safe_...
l.106 \end{dcases}
                  
I can't figure out why you would want to use a tab mark
or \cr or \span just now. If something like a right brace
up above has ended a previous alignment prematurely,
you're probably due for more error messages, and you
might try typing `S' now just to see what is salvageable.

/Users/cortbreuer/Desktop/Storage/Cornell/Sophomore Fall 2019/ENGRD 2700/ENGRD 
2700 Work/Problem Sets/Problem Set 3/Problem Set 3.tex:106: Extra }, or forgott
en \endgroup.
\MH_end_cases: ->\crcr \egroup 
                               \restorecolumn@ \egroup \MH_group_align_safe_...
l.106 \end{dcases}
                  
I've deleted a group-closing symbol because it seems to be
spurious, as in `$x}$'. But perhaps the } is legitimate and
you forgot something else, as in `\hbox{$x}'. In such cases
the way to recover is to insert both the forgotten and the
deleted material, e.g., by typing `I$}'.

/Users/cortbreuer/Desktop/Storage/Cornell/Sophomore Fall 2019/ENGRD 2700/ENGRD 
2700 Work/Problem Sets/Problem Set 3/Problem Set 3.tex:106: Extra }, or forgott
en \endgroup.
\MH_end_cases: ...\egroup \restorecolumn@ \egroup 
                                                  \MH_group_align_safe_end: 
l.106 \end{dcases}
                  
I've deleted a group-closing symbol because it seems to be
spurious, as in `$x}$'. But perhaps the } is legitimate and
you forgot something else, as in `\hbox{$x}'. In such cases
the way to recover is to insert both the forgotten and the
deleted material, e.g., by typing `I$}'.

/Users/cortbreuer/Desktop/Storage/Cornell/Sophomore Fall 2019/ENGRD 2700/ENGRD 
2700 Work/Problem Sets/Problem Set 3/Problem Set 3.tex:106: Missing $ inserted.
<inserted text> 
                $
l.106 \end{dcases}
                  
I've inserted a begin-math/end-math symbol since I think
you left one out. Proceed, with fingers crossed.

/Users/cortbreuer/Desktop/Storage/Cornell/Sophomore Fall 2019/ENGRD 2700/ENGRD 
2700 Work/Problem Sets/Problem Set 3/Problem Set 3.tex:106: Extra \right.
\enddcases ->\MH_end_cases: \right .
                                    
l.106 \end{dcases}
                  
I'm ignoring a \right that had no matching \left.


/Users/cortbreuer/Desktop/Storage/Cornell/Sophomore Fall 2019/ENGRD 2700/ENGRD 
2700 Work/Problem Sets/Problem Set 3/Problem Set 3.tex:106: LaTeX Error: \begin
{equation*} on input line 97 ended by \end{dcases}.

See the LaTeX manual or LaTeX Companion for explanation.
Type  H <return>  for immediate help.
 ...                                              
                                                  
l.106 \end{dcases}
                  
Your command was ignored.
Type  I <command> <return>  to replace it with another command,
or  <return>  to continue without it.

/Users/cortbreuer/Desktop/Storage/Cornell/Sophomore Fall 2019/ENGRD 2700/ENGRD 
2700 Work/Problem Sets/Problem Set 3/Problem Set 3.tex:106: Missing $ inserted.
<inserted text> 
                $
l.106 \end{dcases}
                  
I've inserted something that you may have forgotten.
(See the <inserted text> above.)
With luck, this will get me unwedged. But if you
really didn't forget anything, try typing `2' now; then
my insertion and my current dilemma will both disappear.


/Users/cortbreuer/Desktop/Storage/Cornell/Sophomore Fall 2019/ENGRD 2700/ENGRD 
2700 Work/Problem Sets/Problem Set 3/Problem Set 3.tex:107: LaTeX Error: Bad ma
th environment delimiter.

See the LaTeX manual or LaTeX Companion for explanation.
Type  H <return>  for immediate help.
 ...                                              
                                                  
l.107 \]
        
Your command was ignored.
Type  I <command> <return>  to replace it with another command,
or  <return>  to continue without it.


/Users/cortbreuer/Desktop/Storage/Cornell/Sophomore Fall 2019/ENGRD 2700/ENGRD 
2700 Work/Problem Sets/Problem Set 3/Problem Set 3.tex:107: LaTeX Error: \begin
{document} ended by \end{equation*}.

See the LaTeX manual or LaTeX Companion for explanation.
Type  H <return>  for immediate help.
 ...                                              
                                                  
l.107 \]
        
Your command was ignored.
Type  I <command> <return>  to replace it with another command,
or  <return>  to continue without it.

/Users/cortbreuer/Desktop/Storage/Cornell/Sophomore Fall 2019/ENGRD 2700/ENGRD 
2700 Work/Problem Sets/Problem Set 3/Problem Set 3.tex:107: Missing $ inserted.
<inserted text> 
                $
l.107 \]
        
I've inserted something that you may have forgotten.
(See the <inserted text> above.)
With luck, this will get me unwedged. But if you
really didn't forget anything, try typing `2' now; then
my insertion and my current dilemma will both disappear.

/Users/cortbreuer/Desktop/Storage/Cornell/Sophomore Fall 2019/ENGRD 2700/ENGRD 
2700 Work/Problem Sets/Problem Set 3/Problem Set 3.tex:107: Display math should
 end with $$.
<to be read again> 
                   \endgroup 
l.107 \]
        
The `$' that I just saw supposedly matches a previous `$$'.
So I shall assume that you typed `$$' both times.

/Users/cortbreuer/Desktop/Storage/Cornell/Sophomore Fall 2019/ENGRD 2700/ENGRD 
2700 Work/Problem Sets/Problem Set 3/Problem Set 3.tex:107: Extra \endgroup.
<recently read> \endgroup 
                          
l.107 \]
        
Things are pretty mixed up, but I think the worst is over.

[5] [6]
(/Users/cortbreuer/Desktop/Storage/Cornell/Sophomore Fall 2019/ENGRD 2700/ENGRD
 2700 Work/Problem Sets/Problem Set 3/Problem Set 3.aux) ) 
Here is how much of TeX's memory you used:
 4393 strings out of 492649
 63875 string characters out of 6129622
 157801 words of memory out of 5000000
 8214 multiletter control sequences out of 15000+600000
 5919 words of font info for 22 fonts, out of 8000000 for 9000
 1141 hyphenation exceptions out of 8191
 55i,10n,68p,1033b,196s stack positions out of 5000i,500n,10000p,200000b,80000s
</usr/local/texlive/2
018/texmf-dist/fonts/type1/public/amsfonts/cm/cmbx12.pfb></usr/local/texlive/20
18/texmf-dist/fonts/type1/public/amsfonts/cm/cmex10.pfb></usr/local/texlive/201
8/texmf-dist/fonts/type1/public/amsfonts/cm/cmmi10.pfb></usr/local/texlive/2018
/texmf-dist/fonts/type1/public/amsfonts/cm/cmmi7.pfb></usr/local/texlive/2018/t
exmf-dist/fonts/type1/public/amsfonts/cm/cmr10.pfb></usr/local/texlive/2018/tex
mf-dist/fonts/type1/public/amsfonts/cm/cmr7.pfb></usr/local/texlive/2018/texmf-
dist/fonts/type1/public/amsfonts/cm/cmsy10.pfb></usr/local/texlive/2018/texmf-d
ist/fonts/type1/public/amsfonts/cm/cmsy7.pfb>
Output written on "Problem Set 3.pdf" (6 pages, 88001 bytes).
PDF statistics:
 55 PDF objects out of 1000 (max. 8388607)
 38 compressed objects within 1 object stream
 0 named destinations out of 1000 (max. 500000)
 1 words of extra memory for PDF output out of 10000 (max. 10000000)

